<?xml version="1.0" encoding="UTF-8"?>
<testsuite xmlns:xsi="http://www.w3.org/2001/XMLSchema-instance" xsi:noNamespaceSchemaLocation="https://maven.apache.org/surefire/maven-surefire-plugin/xsd/surefire-test-report.xsd" name="TestSuite" time="0.546" tests="1" errors="0" skipped="0" failures="0">
  <properties>
    <property name="sun.desktop" value="windows"/>
    <property name="awt.toolkit" value="sun.awt.windows.WToolkit"/>
    <property name="file.encoding.pkg" value="sun.io"/>
    <property name="java.specification.version" value="1.8"/>
    <property name="sun.cpu.isalist" value="amd64"/>
    <property name="sun.jnu.encoding" value="Cp1252"/>
    <property name="java.class.path" value="C:\Game\EzyProject\Ezy Unity Networking Server\EUN-plugin\target\test-classes;C:\Game\EzyProject\Ezy Unity Networking Server\EUN-plugin\target\classes;C:\Users\Admin\.m2\repository\org\youngmonkeys\eun\EUN-common\1.0-SNAPSHOT\EUN-common-1.0-SNAPSHOT.jar;C:\Users\Admin\.m2\repository\com\tvd12\ezyfox-server-support\1.1.9\ezyfox-server-support-1.1.9.jar;C:\Users\Admin\.m2\repository\com\tvd12\ezyfox-core\2.1.0\ezyfox-core-2.1.0.jar;C:\Users\Admin\.m2\repository\com\tvd12\ezyfox-bean\1.1.9\ezyfox-bean-1.1.9.jar;C:\Users\Admin\.m2\repository\com\tvd12\ezyfox-binding\1.1.9\ezyfox-binding-1.1.9.jar;C:\Users\Admin\.m2\repository\com\tvd12\ezyfox-server-core\1.1.9\ezyfox-server-core-1.1.9.jar;C:\Users\Admin\.m2\repository\com\tvd12\ezyfox-codec\1.1.9\ezyfox-codec-1.1.9.jar;C:\Users\Admin\.m2\repository\com\tvd12\ezyfox-common\1.1.9\ezyfox-common-1.1.9.jar;C:\Users\Admin\.m2\repository\com\tvd12\ezyfox-security\1.1.9\ezyfox-security-1.1.9.jar;C:\Users\Admin\.m2\repository\com\tvd12\ezyfox-io\1.1.9\ezyfox-io-1.1.9.jar;C:\Users\Admin\.m2\repository\com\tvd12\ezyfox-concurrent\1.1.9\ezyfox-concurrent-1.1.9.jar;C:\Users\Admin\.m2\repository\com\tvd12\ezyfox-util\1.1.9\ezyfox-util-1.1.9.jar;C:\Users\Admin\.m2\repository\com\tvd12\properties-file\1.1.1\properties-file-1.1.1.jar;C:\Users\Admin\.m2\repository\com\tvd12\reflections\1.0.0\reflections-1.0.0.jar;C:\Users\Admin\.m2\repository\org\javassist\javassist\3.27.0-GA\javassist-3.27.0-GA.jar;C:\Users\Admin\.m2\repository\org\slf4j\slf4j-log4j12\1.7.30\slf4j-log4j12-1.7.30.jar;C:\Users\Admin\.m2\repository\org\slf4j\slf4j-api\1.7.30\slf4j-api-1.7.30.jar;C:\Users\Admin\.m2\repository\log4j\log4j\1.2.17\log4j-1.2.17.jar;C:\Users\Admin\.m2\repository\com\tvd12\ezyfox-mapping\1.1.9\ezyfox-mapping-1.1.9.jar;C:\Users\Admin\.m2\repository\com\tvd12\ezyfox-json\1.1.9\ezyfox-json-1.1.9.jar;C:\Users\Admin\.m2\repository\org\projectlombok\lombok\1.18.16\lombok-1.18.16.jar;C:\Users\Admin\.m2\repository\com\tvd12\test-util\1.1.0\test-util-1.1.0.jar;C:\Users\Admin\.m2\repository\org\mockito\mockito-all\1.10.19\mockito-all-1.10.19.jar;C:\Users\Admin\.m2\repository\org\testng\testng\7.4.0\testng-7.4.0.jar;C:\Users\Admin\.m2\repository\com\beust\jcommander\1.78\jcommander-1.78.jar;C:\Users\Admin\.m2\repository\org\webjars\jquery\3.5.1\jquery-3.5.1.jar;"/>
    <property name="java.vm.vendor" value="Oracle Corporation"/>
    <property name="sun.arch.data.model" value="64"/>
    <property name="user.variant" value=""/>
    <property name="java.vendor.url" value="http://java.oracle.com/"/>
    <property name="user.timezone" value="Asia/Bangkok"/>
    <property name="java.vm.specification.version" value="1.8"/>
    <property name="os.name" value="Windows 10"/>
    <property name="user.country" value="US"/>
    <property name="sun.java.launcher" value="SUN_STANDARD"/>
    <property name="sun.boot.library.path" value="E:\Program Files\Unity\2019.4.19f1\Editor\Data\PlaybackEngines\AndroidPlayer\OpenJDK\jre\bin"/>
    <property name="sun.java.command" value="C:\Users\Admin\AppData\Local\Temp\surefire4758978743007078592\surefirebooter6434660999859933050.jar C:\Users\Admin\AppData\Local\Temp\surefire4758978743007078592 2021-10-02T14-35-31_531-jvmRun1 surefire9099533570564476658tmp surefire_08124894632933156150tmp"/>
    <property name="surefire.test.class.path" value="C:\Game\EzyProject\Ezy Unity Networking Server\EUN-plugin\target\test-classes;C:\Game\EzyProject\Ezy Unity Networking Server\EUN-plugin\target\classes;C:\Users\Admin\.m2\repository\org\youngmonkeys\eun\EUN-common\1.0-SNAPSHOT\EUN-common-1.0-SNAPSHOT.jar;C:\Users\Admin\.m2\repository\com\tvd12\ezyfox-server-support\1.1.9\ezyfox-server-support-1.1.9.jar;C:\Users\Admin\.m2\repository\com\tvd12\ezyfox-core\2.1.0\ezyfox-core-2.1.0.jar;C:\Users\Admin\.m2\repository\com\tvd12\ezyfox-bean\1.1.9\ezyfox-bean-1.1.9.jar;C:\Users\Admin\.m2\repository\com\tvd12\ezyfox-binding\1.1.9\ezyfox-binding-1.1.9.jar;C:\Users\Admin\.m2\repository\com\tvd12\ezyfox-server-core\1.1.9\ezyfox-server-core-1.1.9.jar;C:\Users\Admin\.m2\repository\com\tvd12\ezyfox-codec\1.1.9\ezyfox-codec-1.1.9.jar;C:\Users\Admin\.m2\repository\com\tvd12\ezyfox-common\1.1.9\ezyfox-common-1.1.9.jar;C:\Users\Admin\.m2\repository\com\tvd12\ezyfox-security\1.1.9\ezyfox-security-1.1.9.jar;C:\Users\Admin\.m2\repository\com\tvd12\ezyfox-io\1.1.9\ezyfox-io-1.1.9.jar;C:\Users\Admin\.m2\repository\com\tvd12\ezyfox-concurrent\1.1.9\ezyfox-concurrent-1.1.9.jar;C:\Users\Admin\.m2\repository\com\tvd12\ezyfox-util\1.1.9\ezyfox-util-1.1.9.jar;C:\Users\Admin\.m2\repository\com\tvd12\properties-file\1.1.1\properties-file-1.1.1.jar;C:\Users\Admin\.m2\repository\com\tvd12\reflections\1.0.0\reflections-1.0.0.jar;C:\Users\Admin\.m2\repository\org\javassist\javassist\3.27.0-GA\javassist-3.27.0-GA.jar;C:\Users\Admin\.m2\repository\org\slf4j\slf4j-log4j12\1.7.30\slf4j-log4j12-1.7.30.jar;C:\Users\Admin\.m2\repository\org\slf4j\slf4j-api\1.7.30\slf4j-api-1.7.30.jar;C:\Users\Admin\.m2\repository\log4j\log4j\1.2.17\log4j-1.2.17.jar;C:\Users\Admin\.m2\repository\com\tvd12\ezyfox-mapping\1.1.9\ezyfox-mapping-1.1.9.jar;C:\Users\Admin\.m2\repository\com\tvd12\ezyfox-json\1.1.9\ezyfox-json-1.1.9.jar;C:\Users\Admin\.m2\repository\org\projectlombok\lombok\1.18.16\lombok-1.18.16.jar;C:\Users\Admin\.m2\repository\com\tvd12\test-util\1.1.0\test-util-1.1.0.jar;C:\Users\Admin\.m2\repository\org\mockito\mockito-all\1.10.19\mockito-all-1.10.19.jar;C:\Users\Admin\.m2\repository\org\testng\testng\7.4.0\testng-7.4.0.jar;C:\Users\Admin\.m2\repository\com\beust\jcommander\1.78\jcommander-1.78.jar;C:\Users\Admin\.m2\repository\org\webjars\jquery\3.5.1\jquery-3.5.1.jar;"/>
    <property name="sun.cpu.endian" value="little"/>
    <property name="user.home" value="C:\Users\Admin"/>
    <property name="user.language" value="en"/>
    <property name="java.specification.vendor" value="Oracle Corporation"/>
    <property name="java.home" value="E:\Program Files\Unity\2019.4.19f1\Editor\Data\PlaybackEngines\AndroidPlayer\OpenJDK\jre"/>
    <property name="basedir" value="C:\Game\EzyProject\Ezy Unity Networking Server\EUN-plugin"/>
    <property name="file.separator" value="\"/>
    <property name="line.separator" value="&#10;"/>
    <property name="java.vm.specification.vendor" value="Oracle Corporation"/>
    <property name="java.specification.name" value="Java Platform API Specification"/>
    <property name="java.awt.graphicsenv" value="sun.awt.Win32GraphicsEnvironment"/>
    <property name="surefire.real.class.path" value="C:\Users\Admin\AppData\Local\Temp\surefire4758978743007078592\surefirebooter6434660999859933050.jar;C:\\Users\\Admin\\.m2\\repository\\org\\jacoco\\org.jacoco.agent\\0.8.4\\org.jacoco.agent-0.8.4-runtime.jar"/>
    <property name="sun.boot.class.path" value="E:\Program Files\Unity\2019.4.19f1\Editor\Data\PlaybackEngines\AndroidPlayer\OpenJDK\jre\lib\resources.jar;E:\Program Files\Unity\2019.4.19f1\Editor\Data\PlaybackEngines\AndroidPlayer\OpenJDK\jre\lib\rt.jar;E:\Program Files\Unity\2019.4.19f1\Editor\Data\PlaybackEngines\AndroidPlayer\OpenJDK\jre\lib\sunrsasign.jar;E:\Program Files\Unity\2019.4.19f1\Editor\Data\PlaybackEngines\AndroidPlayer\OpenJDK\jre\lib\jsse.jar;E:\Program Files\Unity\2019.4.19f1\Editor\Data\PlaybackEngines\AndroidPlayer\OpenJDK\jre\lib\jce.jar;E:\Program Files\Unity\2019.4.19f1\Editor\Data\PlaybackEngines\AndroidPlayer\OpenJDK\jre\lib\charsets.jar;E:\Program Files\Unity\2019.4.19f1\Editor\Data\PlaybackEngines\AndroidPlayer\OpenJDK\jre\lib\jfr.jar;E:\Program Files\Unity\2019.4.19f1\Editor\Data\PlaybackEngines\AndroidPlayer\OpenJDK\jre\classes"/>
    <property name="user.script" value=""/>
    <property name="sun.management.compiler" value="HotSpot 64-Bit Tiered Compilers"/>
    <property name="java.runtime.version" value="1.8.0-adoptopenjdk-_2018_05_19_00_59-b00"/>
    <property name="user.name" value="Admin"/>
    <property name="path.separator" value=";"/>
    <property name="os.version" value="10.0"/>
    <property name="java.endorsed.dirs" value="E:\Program Files\Unity\2019.4.19f1\Editor\Data\PlaybackEngines\AndroidPlayer\OpenJDK\jre\lib\endorsed"/>
    <property name="java.runtime.name" value="OpenJDK Runtime Environment"/>
    <property name="file.encoding" value="Cp1252"/>
    <property name="java.vm.name" value="OpenJDK 64-Bit Server VM"/>
    <property name="localRepository" value="C:\Users\Admin\.m2\repository"/>
    <property name="java.vendor.url.bug" value="http://bugreport.sun.com/bugreport/"/>
    <property name="java.io.tmpdir" value="C:\Users\Admin\AppData\Local\Temp\"/>
    <property name="java.version" value="1.8.0-adoptopenjdk"/>
    <property name="user.dir" value="C:\Game\EzyProject\Ezy Unity Networking Server\EUN-plugin"/>
    <property name="os.arch" value="amd64"/>
    <property name="java.vm.specification.name" value="Java Virtual Machine Specification"/>
    <property name="java.awt.printerjob" value="sun.awt.windows.WPrinterJob"/>
    <property name="sun.os.patch.level" value=""/>
    <property name="java.library.path" value="E:\Program Files\Unity\2019.4.19f1\Editor\Data\PlaybackEngines\AndroidPlayer\OpenJDK\jre\bin;C:\WINDOWS\Sun\Java\bin;C:\WINDOWS\system32;C:\WINDOWS;C:\Users\Admin\bin;E:\Program Files\Git\mingw64\bin;E:\Program Files\Git\usr\local\bin;E:\Program Files\Git\usr\bin;E:\Program Files\Git\usr\bin;E:\Program Files\Git\mingw64\bin;E:\Program Files\Git\usr\bin;C:\Users\Admin\bin;C:\Program Files\Common Files\Oracle\Java\javapath;C:\Program Files (x86)\Eziriz\.NET Reactor;C:\Windows\system32;C:\Windows;C:\Windows\System32\Wbem;C:\Windows\System32\WindowsPowerShell\v1.0;C:\Windows\System32\OpenSSH;C:\Program Files (x86)\NVIDIA Corporation\PhysX\Common;C:\Program Files\NVIDIA Corporation\NVIDIA NvDLISR;C:\WINDOWS\system32;C:\WINDOWS;C:\WINDOWS\System32\Wbem;C:\WINDOWS\System32\WindowsPowerShell\v1.0;C:\WINDOWS\System32\OpenSSH;E:\Program Files\nodejs;E:\Program Files\TortoiseGit\bin;C:\Program Files\dotnet;E:\Program Files\PuTTY;C:\OpenSSL\bin;C:\Program Files (x86)\NetSarang\Xshell 7;C:\Program Files (x86)\NetSarang\Xftp 7;E:\Program Files\Git\cmd;E:\Program Files\Unity\2019.4.19f1\Editor\Data\PlaybackEngines\AndroidPlayer\OpenJDK\bin;E:\Program Files\Microsoft VS Code\bin;C:\Users\Admin\AppData\Local\Microsoft\WindowsApps;E:\Program Files\heroku\bin;C:\mvn\apache-maven-3.8.2\bin;E:\Program Files\Git\usr\bin\vendor_perl;E:\Program Files\Git\usr\bin\core_perl;."/>
    <property name="java.vm.info" value="mixed mode"/>
    <property name="java.vendor" value="Oracle Corporation"/>
    <property name="java.vm.version" value="25.71-b00"/>
    <property name="java.ext.dirs" value="E:\Program Files\Unity\2019.4.19f1\Editor\Data\PlaybackEngines\AndroidPlayer\OpenJDK\jre\lib\ext;C:\WINDOWS\Sun\Java\lib\ext"/>
    <property name="sun.io.unicode.encoding" value="UnicodeLittle"/>
    <property name="java.class.version" value="52.0"/>
  </properties>
  <testcase name="test" classname="org.youngmonkeys.eun.plugin.test.PluginTest" time="0.006"/>
</testsuite>