<?xml version="1.0" encoding="UTF-8"?>
<!-- Generated by org.testng.reporters.JUnitReportReporter -->
<testsuite skipped="0" hostname="MSI" name="org.youngmonkeys.eun.test.ApiTest" tests="1" failures="0" timestamp="2021-10-02T14:35:20 ICT" time="0.004" errors="0">
  <testcase name="test" time="0.004" classname="org.youngmonkeys.eun.test.ApiTest"/>
  <system-out/>
</testsuite> <!-- org.youngmonkeys.eun.test.ApiTest -->
